2024-11-15 09:53:37,313 INFO o.a.j.u.JMeterUtils: Setting Locale to en_EN
2024-11-15 09:53:37,346 INFO o.a.j.JMeter: Loading user properties from: user.properties
2024-11-15 09:53:37,346 INFO o.a.j.JMeter: Loading system properties from: system.properties
2024-11-15 09:53:37,346 INFO o.a.j.JMeter: Copyright (c) 1998-2024 The Apache Software Foundation
2024-11-15 09:53:37,346 INFO o.a.j.JMeter: Version 5.6.3
2024-11-15 09:53:37,346 INFO o.a.j.JMeter: java.version=21.0.4
2024-11-15 09:53:37,346 INFO o.a.j.JMeter: java.vm.name=Java HotSpot(TM) 64-Bit Server VM
2024-11-15 09:53:37,346 INFO o.a.j.JMeter: os.name=Windows 11
2024-11-15 09:53:37,346 INFO o.a.j.JMeter: os.arch=amd64
2024-11-15 09:53:37,346 INFO o.a.j.JMeter: os.version=10.0
2024-11-15 09:53:37,346 INFO o.a.j.JMeter: file.encoding=UTF-8
2024-11-15 09:53:37,346 INFO o.a.j.JMeter: java.awt.headless=null
2024-11-15 09:53:37,346 INFO o.a.j.JMeter: Max memory     =1073741824
2024-11-15 09:53:37,346 INFO o.a.j.JMeter: Available Processors =4
2024-11-15 09:53:37,362 INFO o.a.j.JMeter: Default Locale=English (EN)
2024-11-15 09:53:37,362 INFO o.a.j.JMeter: JMeter  Locale=English (EN)
2024-11-15 09:53:37,362 INFO o.a.j.JMeter: JMeterHome=C:\Users\fanes\Downloads\apache-jmeter-5.6.3\apache-jmeter-5.6.3
2024-11-15 09:53:37,362 INFO o.a.j.JMeter: user.dir  =C:\Users\fanes\Downloads\apache-jmeter-5.6.3\apache-jmeter-5.6.3\bin
2024-11-15 09:53:37,362 INFO o.a.j.JMeter: PWD       =C:\Users\fanes\Downloads\apache-jmeter-5.6.3\apache-jmeter-5.6.3\bin
2024-11-15 09:53:37,362 INFO o.a.j.JMeter: IP: 192.168.1.9 Name: RadheKrishna FullName: RadheKrishna
2024-11-15 09:53:37,377 INFO o.a.j.JMeter: Loaded icon properties from org/apache/jmeter/images/icon.properties
2024-11-15 09:53:37,594 INFO o.a.j.JMeterGuiLauncher: Setting LAF to: com.github.weisj.darklaf.DarkLaf:com.github.weisj.darklaf.theme.DarculaTheme
2024-11-15 09:55:00,998 INFO o.a.j.p.h.s.HTTPSamplerBase: Parser for text/html is org.apache.jmeter.protocol.http.parser.LagartoBasedHtmlParser
2024-11-15 09:55:00,998 INFO o.a.j.p.h.s.HTTPSamplerBase: Parser for application/xhtml+xml is org.apache.jmeter.protocol.http.parser.LagartoBasedHtmlParser
2024-11-15 09:55:00,998 INFO o.a.j.p.h.s.HTTPSamplerBase: Parser for application/xml is org.apache.jmeter.protocol.http.parser.LagartoBasedHtmlParser
2024-11-15 09:55:00,998 INFO o.a.j.p.h.s.HTTPSamplerBase: Parser for text/xml is org.apache.jmeter.protocol.http.parser.LagartoBasedHtmlParser
2024-11-15 09:55:00,998 INFO o.a.j.p.h.s.HTTPSamplerBase: Parser for text/vnd.wap.wml is org.apache.jmeter.protocol.http.parser.RegexpHTMLParser
2024-11-15 09:55:00,998 INFO o.a.j.p.h.s.HTTPSamplerBase: Parser for text/css is org.apache.jmeter.protocol.http.parser.CssParser
2024-11-15 10:01:47,364 INFO o.a.j.s.FileServer: Default base='C:\Users\fanes\Downloads\apache-jmeter-5.6.3\apache-jmeter-5.6.3\bin'
2024-11-15 10:01:47,364 INFO o.a.j.s.FileServer: Set new base='C:\Users\fanes\Downloads\apache-jmeter-5.6.3\apache-jmeter-5.6.3\bin'
2024-11-15 10:01:47,568 INFO o.a.j.s.SaveService: Testplan (JMX) version: 2.2. Testlog (JTL) version: 2.2
2024-11-15 10:01:47,600 INFO o.a.j.s.SaveService: Using SaveService properties version 5.0
2024-11-15 10:01:47,600 INFO o.a.j.s.SaveService: Using SaveService properties file encoding UTF-8
2024-11-15 10:22:31,390 INFO o.a.j.s.SampleResult: Note: Sample TimeStamps are START times
2024-11-15 10:22:31,390 INFO o.a.j.s.SampleResult: sampleresult.default.encoding is set to UTF-8
2024-11-15 10:22:31,390 INFO o.a.j.s.SampleResult: sampleresult.useNanoTime=true
2024-11-15 10:22:31,390 INFO o.a.j.s.SampleResult: sampleresult.nanoThreadSleep=5000
2024-11-15 10:26:57,282 INFO o.a.j.e.StandardJMeterEngine: Running the test!
2024-11-15 10:26:57,282 INFO o.a.j.s.SampleEvent: List of sample_variables: []
2024-11-15 10:26:57,282 INFO o.a.j.s.SampleEvent: List of sample_variables: []
2024-11-15 10:26:57,282 INFO o.a.j.e.u.CompoundVariable: Note: Function class names must contain the string: '.functions.'
2024-11-15 10:26:57,282 INFO o.a.j.e.u.CompoundVariable: Note: Function class names must not contain the string: '.gui.'
2024-11-15 10:26:57,360 INFO o.a.j.g.u.JMeterMenuBar: setRunning(true, *local*)
2024-11-15 10:26:57,422 INFO o.a.j.e.StandardJMeterEngine: Starting ThreadGroup: 1 : Thread Group
2024-11-15 10:26:57,422 INFO o.a.j.e.StandardJMeterEngine: Starting 10 threads for group Thread Group.
2024-11-15 10:26:57,422 INFO o.a.j.e.StandardJMeterEngine: Thread will continue on error
2024-11-15 10:26:57,422 INFO o.a.j.t.ThreadGroup: Starting thread group... number=1 threads=10 ramp-up=30 delayedStart=false
2024-11-15 10:26:57,422 INFO o.a.j.t.JMeterThread: Thread started: Thread Group 1-1
2024-11-15 10:26:57,422 INFO o.a.j.t.ThreadGroup: Started thread group number 1
2024-11-15 10:26:57,422 INFO o.a.j.e.StandardJMeterEngine: All thread groups have been started
2024-11-15 10:26:57,454 INFO o.a.j.p.h.s.HTTPHCAbstractImpl: Local host = RadheKrishna
2024-11-15 10:26:57,454 INFO o.a.j.p.h.s.HTTPHC4Impl: HTTP request retry count = 0
2024-11-15 10:26:59,997 INFO o.a.j.p.h.s.h.LazyLayeredConnectionSocketFactory: Setting up HTTPS TrustAll Socket Factory
2024-11-15 10:27:00,003 INFO o.a.j.u.JsseSSLManager: Using default SSL protocol: TLS
2024-11-15 10:27:00,003 INFO o.a.j.u.JsseSSLManager: SSL session context: per-thread
2024-11-15 10:27:00,423 INFO o.a.j.t.JMeterThread: Thread started: Thread Group 1-2
2024-11-15 10:27:00,486 INFO o.a.j.u.SSLManager: JmeterKeyStore Location:  type JKS
2024-11-15 10:27:00,502 INFO o.a.j.u.SSLManager: KeyStore created OK
2024-11-15 10:27:00,502 WARN o.a.j.u.SSLManager: Keystore file not found, loading empty keystore
2024-11-15 10:27:03,422 INFO o.a.j.t.JMeterThread: Thread started: Thread Group 1-3
2024-11-15 10:27:04,346 INFO o.a.j.t.JMeterThread: Thread is done: Thread Group 1-1
2024-11-15 10:27:04,346 INFO o.a.j.t.JMeterThread: Thread finished: Thread Group 1-1
2024-11-15 10:27:04,786 INFO o.a.j.t.JMeterThread: Thread is done: Thread Group 1-2
2024-11-15 10:27:04,786 INFO o.a.j.t.JMeterThread: Thread finished: Thread Group 1-2
2024-11-15 10:27:06,438 INFO o.a.j.t.JMeterThread: Thread started: Thread Group 1-4
2024-11-15 10:27:07,460 INFO o.a.j.t.JMeterThread: Thread is done: Thread Group 1-3
2024-11-15 10:27:07,460 INFO o.a.j.t.JMeterThread: Thread finished: Thread Group 1-3
2024-11-15 10:27:09,438 INFO o.a.j.t.JMeterThread: Thread started: Thread Group 1-5
2024-11-15 10:27:10,159 INFO o.a.j.t.JMeterThread: Thread is done: Thread Group 1-4
2024-11-15 10:27:10,159 INFO o.a.j.t.JMeterThread: Thread finished: Thread Group 1-4
2024-11-15 10:27:12,438 INFO o.a.j.t.JMeterThread: Thread started: Thread Group 1-6
2024-11-15 10:27:15,439 INFO o.a.j.t.JMeterThread: Thread started: Thread Group 1-7
2024-11-15 10:27:15,882 INFO o.a.j.t.JMeterThread: Thread is done: Thread Group 1-5
2024-11-15 10:27:15,882 INFO o.a.j.t.JMeterThread: Thread finished: Thread Group 1-5
2024-11-15 10:27:18,046 INFO o.a.j.t.JMeterThread: Thread is done: Thread Group 1-6
2024-11-15 10:27:18,047 INFO o.a.j.t.JMeterThread: Thread finished: Thread Group 1-6
2024-11-15 10:27:18,439 INFO o.a.j.t.JMeterThread: Thread started: Thread Group 1-8
2024-11-15 10:27:19,629 INFO o.a.j.t.JMeterThread: Thread is done: Thread Group 1-7
2024-11-15 10:27:19,629 INFO o.a.j.t.JMeterThread: Thread finished: Thread Group 1-7
2024-11-15 10:27:21,446 INFO o.a.j.t.JMeterThread: Thread started: Thread Group 1-9
2024-11-15 10:27:23,361 INFO o.a.j.t.JMeterThread: Thread is done: Thread Group 1-8
2024-11-15 10:27:23,361 INFO o.a.j.t.JMeterThread: Thread finished: Thread Group 1-8
2024-11-15 10:27:24,439 INFO o.a.j.t.JMeterThread: Thread started: Thread Group 1-10
2024-11-15 10:27:26,466 INFO o.a.j.t.JMeterThread: Thread is done: Thread Group 1-9
2024-11-15 10:27:26,466 INFO o.a.j.t.JMeterThread: Thread finished: Thread Group 1-9
2024-11-15 10:27:28,077 INFO o.a.j.t.JMeterThread: Thread is done: Thread Group 1-10
2024-11-15 10:27:28,077 INFO o.a.j.t.JMeterThread: Thread finished: Thread Group 1-10
2024-11-15 10:27:28,077 INFO o.a.j.e.StandardJMeterEngine: Notifying test listeners of end of test
2024-11-15 10:27:28,077 INFO o.a.j.g.u.JMeterMenuBar: setRunning(false, *local*)
2024-11-15 10:27:40,863 INFO o.a.j.e.StandardJMeterEngine: Running the test!
2024-11-15 10:27:40,863 INFO o.a.j.s.SampleEvent: List of sample_variables: []
2024-11-15 10:27:40,863 INFO o.a.j.g.u.JMeterMenuBar: setRunning(true, *local*)
2024-11-15 10:27:40,909 INFO o.a.j.e.StandardJMeterEngine: Starting ThreadGroup: 1 : Thread Group
2024-11-15 10:27:40,909 INFO o.a.j.e.StandardJMeterEngine: Starting 10 threads for group Thread Group.
2024-11-15 10:27:40,909 INFO o.a.j.e.StandardJMeterEngine: Thread will continue on error
2024-11-15 10:27:40,909 INFO o.a.j.t.ThreadGroup: Starting thread group... number=1 threads=10 ramp-up=30 delayedStart=false
2024-11-15 10:27:40,925 INFO o.a.j.t.ThreadGroup: Started thread group number 1
2024-11-15 10:27:40,925 INFO o.a.j.e.StandardJMeterEngine: All thread groups have been started
2024-11-15 10:27:40,925 INFO o.a.j.t.JMeterThread: Thread started: Thread Group 1-1
2024-11-15 10:27:43,930 INFO o.a.j.t.JMeterThread: Thread started: Thread Group 1-2
2024-11-15 10:27:46,936 INFO o.a.j.t.JMeterThread: Thread started: Thread Group 1-3
2024-11-15 10:27:47,907 INFO o.a.j.t.JMeterThread: Thread is done: Thread Group 1-1
2024-11-15 10:27:47,907 INFO o.a.j.t.JMeterThread: Thread finished: Thread Group 1-1
2024-11-15 10:27:48,613 INFO o.a.j.t.JMeterThread: Thread is done: Thread Group 1-2
2024-11-15 10:27:48,613 INFO o.a.j.t.JMeterThread: Thread finished: Thread Group 1-2
2024-11-15 10:27:49,931 INFO o.a.j.t.JMeterThread: Thread started: Thread Group 1-4
2024-11-15 10:27:51,214 INFO o.a.j.t.JMeterThread: Thread is done: Thread Group 1-3
2024-11-15 10:27:51,214 INFO o.a.j.t.JMeterThread: Thread finished: Thread Group 1-3
2024-11-15 10:27:52,933 INFO o.a.j.t.JMeterThread: Thread started: Thread Group 1-5
2024-11-15 10:27:55,933 INFO o.a.j.t.JMeterThread: Thread started: Thread Group 1-6
2024-11-15 10:27:56,641 INFO o.a.j.t.JMeterThread: Thread is done: Thread Group 1-4
2024-11-15 10:27:56,641 INFO o.a.j.t.JMeterThread: Thread finished: Thread Group 1-4
2024-11-15 10:27:58,917 INFO o.a.j.t.JMeterThread: Thread started: Thread Group 1-7
2024-11-15 10:27:59,294 INFO o.a.j.t.JMeterThread: Thread is done: Thread Group 1-5
2024-11-15 10:27:59,294 INFO o.a.j.t.JMeterThread: Thread finished: Thread Group 1-5
2024-11-15 10:28:01,873 INFO o.a.j.t.JMeterThread: Thread is done: Thread Group 1-6
2024-11-15 10:28:01,873 INFO o.a.j.t.JMeterThread: Thread finished: Thread Group 1-6
2024-11-15 10:28:01,916 INFO o.a.j.t.JMeterThread: Thread started: Thread Group 1-8
2024-11-15 10:28:04,395 INFO o.a.j.t.JMeterThread: Thread is done: Thread Group 1-7
2024-11-15 10:28:04,395 INFO o.a.j.t.JMeterThread: Thread finished: Thread Group 1-7
2024-11-15 10:28:04,916 INFO o.a.j.t.JMeterThread: Thread started: Thread Group 1-9
2024-11-15 10:28:07,302 INFO o.a.j.t.JMeterThread: Thread is done: Thread Group 1-8
2024-11-15 10:28:07,303 INFO o.a.j.t.JMeterThread: Thread finished: Thread Group 1-8
2024-11-15 10:28:07,916 INFO o.a.j.t.JMeterThread: Thread started: Thread Group 1-10
2024-11-15 10:28:08,763 INFO o.a.j.t.JMeterThread: Thread is done: Thread Group 1-9
2024-11-15 10:28:08,763 INFO o.a.j.t.JMeterThread: Thread finished: Thread Group 1-9
2024-11-15 10:28:12,107 INFO o.a.j.t.JMeterThread: Thread is done: Thread Group 1-10
2024-11-15 10:28:12,107 INFO o.a.j.t.JMeterThread: Thread finished: Thread Group 1-10
2024-11-15 10:28:12,107 INFO o.a.j.e.StandardJMeterEngine: Notifying test listeners of end of test
2024-11-15 10:28:12,107 INFO o.a.j.g.u.JMeterMenuBar: setRunning(false, *local*)
2024-11-15 10:28:40,768 INFO o.a.j.s.FileServer: Set new base='C:\Users\fanes\Downloads\apache-jmeter-5.6.3\apache-jmeter-5.6.3\bin'
